[debug] [2024-07-29T11:35:55.929Z] ----------------------------------------------------------------------
[debug] [2024-07-29T11:35:55.931Z] Command:       /home/sergei/.nvm/versions/node/v22.3.0/bin/node /usr/bin/firebase deploy
[debug] [2024-07-29T11:35:55.931Z] CLI Version:   12.5.4
[debug] [2024-07-29T11:35:55.931Z] Platform:      linux
[debug] [2024-07-29T11:35:55.931Z] Node Version:  v22.3.0
[debug] [2024-07-29T11:35:55.931Z] Time:          Mon Jul 29 2024 13:35:55 GMT+0200 (Central European Summer Time)
[debug] [2024-07-29T11:35:55.931Z] ----------------------------------------------------------------------
[debug] 
[debug] [2024-07-29T11:35:55.932Z] >>> [apiv2][query] GET https://firebase-public.firebaseio.com/cli.json [none]
[debug] [2024-07-29T11:35:55.993Z] > command requires scopes: ["email","openid","https://www.googleapis.com/auth/cloudplatformprojects.readonly","https://www.googleapis.com/auth/firebase","https://www.googleapis.com/auth/cloud-platform"]
[debug] [2024-07-29T11:35:55.993Z] > authorizing via signed-in user (sergei.johansen.97@gmail.com)
[debug] [2024-07-29T11:35:55.993Z] [iam] checking project oriental-nextjs-website for permissions ["firebase.projects.get","firebasehosting.sites.update"]
[debug] [2024-07-29T11:35:55.993Z] > refreshing access token with scopes: []
[debug] [2024-07-29T11:35:55.994Z] >>> [apiv2][query] POST https://www.googleapis.com/oauth2/v3/token [none]
[debug] [2024-07-29T11:35:55.994Z] >>> [apiv2][body] POST https://www.googleapis.com/oauth2/v3/token [omitted]
[debug] [2024-07-29T11:35:56.308Z] <<< [apiv2][status] POST https://www.googleapis.com/oauth2/v3/token 200
[debug] [2024-07-29T11:35:56.309Z] <<< [apiv2][body] POST https://www.googleapis.com/oauth2/v3/token [omitted]
[debug] [2024-07-29T11:35:56.316Z] >>> [apiv2][query] POST https://cloudresourcemanager.googleapis.com/v1/projects/oriental-nextjs-website:testIamPermissions [none]
[debug] [2024-07-29T11:35:56.316Z] >>> [apiv2][(partial)header] POST https://cloudresourcemanager.googleapis.com/v1/projects/oriental-nextjs-website:testIamPermissions x-goog-quota-user=projects/oriental-nextjs-website
[debug] [2024-07-29T11:35:56.316Z] >>> [apiv2][body] POST https://cloudresourcemanager.googleapis.com/v1/projects/oriental-nextjs-website:testIamPermissions {"permissions":["firebase.projects.get","firebasehosting.sites.update"]}
[debug] [2024-07-29T11:35:56.472Z] <<< [apiv2][status] GET https://firebase-public.firebaseio.com/cli.json 200
[debug] [2024-07-29T11:35:56.472Z] <<< [apiv2][body] GET https://firebase-public.firebaseio.com/cli.json {"cloudBuildErrorAfter":1594252800000,"cloudBuildWarnAfter":1590019200000,"defaultNode10After":1594252800000,"minVersion":"3.0.5","node8DeploysDisabledAfter":1613390400000,"node8RuntimeDisabledAfter":1615809600000,"node8WarnAfter":1600128000000}
[debug] [2024-07-29T11:35:57.333Z] <<< [apiv2][status] POST https://cloudresourcemanager.googleapis.com/v1/projects/oriental-nextjs-website:testIamPermissions 200
[debug] [2024-07-29T11:35:57.333Z] <<< [apiv2][body] POST https://cloudresourcemanager.googleapis.com/v1/projects/oriental-nextjs-website:testIamPermissions {}
[debug] [2024-07-29T11:35:57.333Z] [iam] error while checking permissions, command may fail: FirebaseError: Authorization failed. This account is missing the following required permissions on project oriental-nextjs-website:

  firebase.projects.get
  firebasehosting.sites.update
[debug] [2024-07-29T11:35:57.334Z] >>> [apiv2][query] GET https://firebase.googleapis.com/v1beta1/projects/oriental-nextjs-website [none]
[debug] [2024-07-29T11:35:57.816Z] <<< [apiv2][status] GET https://firebase.googleapis.com/v1beta1/projects/oriental-nextjs-website 403
[debug] [2024-07-29T11:35:57.816Z] <<< [apiv2][body] GET https://firebase.googleapis.com/v1beta1/projects/oriental-nextjs-website {"error":{"code":403,"message":"The caller does not have permission","status":"PERMISSION_DENIED"}}
[debug] [2024-07-29T11:35:57.816Z] HTTP Error: 403, The caller does not have permission
[debug] [2024-07-29T11:35:58.013Z] FirebaseError: HTTP Error: 403, The caller does not have permission
    at responseToError (/usr/lib/node_modules/firebase-tools/lib/responseToError.js:49:12)
    at RetryOperation._fn (/usr/lib/node_modules/firebase-tools/lib/apiv2.js:285:77)
    at process.processTicksAndRejections (node:internal/process/task_queues:95:5)
[error] 
[error] Error: Failed to get Firebase project oriental-nextjs-website. Please make sure the project exists and your account has permission to access it.
